0 info it worked if it ends with ok
1 verbose cli [ '/home/ec2-user/n/bin/node',
1 verbose cli   '/home/ec2-user/n/bin/npm',
1 verbose cli   'run',
1 verbose cli   'server' ]
2 info using npm@4.1.2
3 info using node@v7.6.0
4 verbose run-script [ 'preserver', 'server', 'postserver' ]
5 info lifecycle firstapp@1.0.0~preserver: firstapp@1.0.0
6 silly lifecycle firstapp@1.0.0~preserver: no script for preserver, continuing
7 info lifecycle firstapp@1.0.0~server: firstapp@1.0.0
8 verbose lifecycle firstapp@1.0.0~server: unsafe-perm in lifecycle true
9 verbose lifecycle firstapp@1.0.0~server: PATH: /home/ec2-user/n/lib/node_modules/npm/bin/node-gyp-bin:/home/ec2-user/Dev/Learn1ThingADay/36-AngularJS/firstapp2/node_modules/.bin:/home/ec2-user/.yarn/bin:/usr/local/bin:/bin:/usr/bin:/usr/local/sbin:/usr/sbin:/sbin:/opt/aws/bin:/opt/aws/bin:/home/ec2-user/n/bin
10 verbose lifecycle firstapp@1.0.0~server: CWD: /home/ec2-user/Dev/Learn1ThingADay/36-AngularJS/firstapp2
11 silly lifecycle firstapp@1.0.0~server: Args: [ '-c',
11 silly lifecycle   'webpack-dev-server --history-api-fallback --inline --progress --host 0.0.0.0' ]
12 silly lifecycle firstapp@1.0.0~server: Returned: code: 1  signal: null
13 info lifecycle firstapp@1.0.0~server: Failed to exec server script
14 verbose stack Error: firstapp@1.0.0 server: `webpack-dev-server --history-api-fallback --inline --progress --host 0.0.0.0`
14 verbose stack Exit status 1
14 verbose stack     at EventEmitter.<anonymous> (/home/ec2-user/n/lib/node_modules/npm/lib/utils/lifecycle.js:279:16)
14 verbose stack     at emitTwo (events.js:106:13)
14 verbose stack     at EventEmitter.emit (events.js:192:7)
14 verbose stack     at ChildProcess.<anonymous> (/home/ec2-user/n/lib/node_modules/npm/lib/utils/spawn.js:40:14)
14 verbose stack     at emitTwo (events.js:106:13)
14 verbose stack     at ChildProcess.emit (events.js:192:7)
14 verbose stack     at maybeClose (internal/child_process.js:890:16)
14 verbose stack     at Process.ChildProcess._handle.onexit (internal/child_process.js:226:5)
15 verbose pkgid firstapp@1.0.0
16 verbose cwd /home/ec2-user/Dev/Learn1ThingADay/36-AngularJS/firstapp2
17 error Linux 4.4.41-36.55.amzn1.x86_64
18 error argv "/home/ec2-user/n/bin/node" "/home/ec2-user/n/bin/npm" "run" "server"
19 error node v7.6.0
20 error npm  v4.1.2
21 error code ELIFECYCLE
22 error firstapp@1.0.0 server: `webpack-dev-server --history-api-fallback --inline --progress --host 0.0.0.0`
22 error Exit status 1
23 error Failed at the firstapp@1.0.0 server script 'webpack-dev-server --history-api-fallback --inline --progress --host 0.0.0.0'.
23 error Make sure you have the latest version of node.js and npm installed.
23 error If you do, this is most likely a problem with the firstapp package,
23 error not with npm itself.
23 error Tell the author that this fails on your system:
23 error     webpack-dev-server --history-api-fallback --inline --progress --host 0.0.0.0
23 error You can get information on how to open an issue for this project with:
23 error     npm bugs firstapp
23 error Or if that isn't available, you can get their info via:
23 error     npm owner ls firstapp
23 error There is likely additional logging output above.
24 verbose exit [ 1, true ]
